2025-08-25 18:01:00 | WARN | repo=tictactoe | action=commit
2025-04-21 20:51:00 | DEBUG | repo=tictactoe | action=commit
2025-10-25 07:25:00 | DEBUG | repo=tictactoe | action=pull
2025-04-05 09:43:00 | DEBUG | repo=tictactoe | action=commit
2025-05-27 07:34:00 | WARN | repo=tictactoe | action=commit
2025-08-19 20:59:00 | DEBUG | repo=tictactoe | action=commit
2025-08-26 20:03:00 | DEBUG | repo=tictactoe | action=commit
2025-08-27 17:04:00 | INFO | repo=tictactoe | action=test | passed=true
2025-04-13 14:02:00 | INFO | repo=tictactoe | action=pull
2025-03-03 16:04:00 | INFO | repo=tictactoe | action=commit
2025-07-22 07:31:00 | DEBUG | repo=tictactoe | action=test | passed=true
2025-08-09 13:29:00 | WARN | repo=tictactoe | action=commit
2025-01-19 07:34:00 | WARN | repo=tictactoe | action=commit
2025-12-04 09:14:00 | WARN | repo=tictactoe | action=commit
2025-02-19 20:43:00 | INFO | repo=tictactoe | action=commit
2025-02-22 13:53:00 | INFO | repo=tictactoe | action=pull
2025-07-01 18:01:00 | WARN | repo=tictactoe | action=commit
2025-05-25 07:48:00 | INFO | repo=tictactoe | action=commit
2025-04-28 20:25:00 | DEBUG | repo=tictactoe | action=commit
2025-03-27 07:27:00 | DEBUG | repo=tictactoe | action=commit
2025-03-15 19:42:00 | DEBUG | repo=tictactoe | action=commit
2025-08-22 09:49:00 | WARN | repo=tictactoe | action=commit
2025-10-13 09:42:00 | WARN | repo=tictactoe | action=commit
2025-09-14 20:06:00 | INFO | repo=tictactoe | action=commit
2025-04-21 08:30:00 | DEBUG | repo=tictactoe | action=pull
2025-10-16 07:49:00 | DEBUG | repo=tictactoe | action=commit
2025-08-08 18:07:00 | DEBUG | repo=tictactoe | action=commit
2025-05-14 14:13:00 | INFO | repo=tictactoe | action=commit
2025-03-18 19:43:00 | DEBUG | repo=tictactoe | action=commit
2025-04-16 09:22:00 | INFO | repo=tictactoe | action=test | passed=true
2025-11-28 08:18:00 | INFO | repo=tictactoe | action=commit
2025-12-02 18:43:00 | DEBUG | repo=tictactoe | action=commit
2025-02-19 09:52:00 | DEBUG | repo=tictactoe | action=commit
2025-10-02 16:32:00 | WARN | repo=tictactoe | action=commit
2025-12-24 18:16:00 | WARN | repo=tictactoe | action=commit
2025-07-06 13:25:00 | WARN | repo=tictactoe | action=commit
2025-02-28 13:30:00 | INFO | repo=tictactoe | action=edit | files=5
2025-11-02 14:44:00 | WARN | repo=tictactoe | action=commit
2025-05-06 10:28:00 | DEBUG | repo=tictactoe | action=commit
2025-03-22 18:03:00 | DEBUG | repo=tictactoe | action=commit
2025-09-02 18:38:00 | WARN | repo=tictactoe | action=commit
2025-08-02 18:21:00 | WARN | repo=tictactoe | action=commit
2025-12-17 09:35:00 | INFO | repo=tictactoe | action=edit | files=1
2025-04-27 18:39:00 | WARN | repo=tictactoe | action=commit
2025-10-16 15:47:00 | WARN | repo=tictactoe | action=commit
2025-06-05 07:02:00 | DEBUG | repo=tictactoe | action=commit
2025-08-01 18:29:00 | WARN | repo=tictactoe | action=edit | files=2
2025-06-02 16:29:00 | WARN | repo=tictactoe | action=commit
2025-03-06 16:54:00 | DEBUG | repo=tictactoe | action=commit
2025-03-24 20:42:00 | DEBUG | repo=tictactoe | action=commit
2025-12-09 11:39:00 | WARN | repo=tictactoe | action=commit
2025-04-16 09:41:00 | WARN | repo=tictactoe | action=commit
2025-09-21 12:02:00 | DEBUG | repo=tictactoe | action=commit
2025-11-23 18:04:00 | INFO | repo=tictactoe | action=commit
2025-04-03 12:38:00 | INFO | repo=tictactoe | action=commit
2025-07-16 11:18:00 | INFO | repo=tictactoe | action=commit
2025-11-18 19:58:00 | WARN | repo=tictactoe | action=commit
2025-12-26 11:22:00 | WARN | repo=tictactoe | action=commit
2025-09-17 20:46:00 | WARN | repo=tictactoe | action=commit
2025-09-02 21:27:00 | WARN | repo=tictactoe | action=commit
2025-07-11 15:43:00 | INFO | repo=tictactoe | action=commit
2025-12-11 14:28:00 | DEBUG | repo=tictactoe | action=commit
2025-04-14 16:29:00 | DEBUG | repo=tictactoe | action=commit
2025-02-28 11:08:00 | WARN | repo=tictactoe | action=commit
2025-04-04 17:06:00 | DEBUG | repo=tictactoe | action=commit
2025-10-07 19:07:00 | INFO | repo=tictactoe | action=commit
2025-06-23 15:35:00 | WARN | repo=tictactoe | action=commit
2025-03-04 08:08:00 | WARN | repo=tictactoe | action=pull
2025-11-06 15:50:00 | WARN | repo=tictactoe | action=test | passed=true
2025-10-16 15:05:00 | DEBUG | repo=tictactoe | action=commit
2025-02-22 19:08:00 | DEBUG | repo=tictactoe | action=commit
2025-09-14 12:13:00 | DEBUG | repo=tictactoe | action=commit
2025-01-01 12:23:00 | DEBUG | repo=tictactoe | action=commit
2025-10-12 14:43:00 | INFO | repo=tictactoe | action=commit
2025-03-10 16:06:00 | WARN | repo=tictactoe | action=commit
2025-03-24 16:56:00 | INFO | repo=tictactoe | action=commit
2025-09-17 15:18:00 | WARN | repo=tictactoe | action=commit
2025-02-02 18:12:00 | WARN | repo=tictactoe | action=commit
2025-08-13 18:23:00 | DEBUG | repo=tictactoe | action=commit
2025-03-18 18:22:00 | WARN | repo=tictactoe | action=test | passed=true
2025-01-03 08:59:00 | DEBUG | repo=tictactoe | action=commit
2025-03-24 07:23:00 | WARN | repo=tictactoe | action=commit
2025-09-12 21:24:00 | DEBUG | repo=tictactoe | action=commit
2025-12-18 07:14:00 | INFO | repo=tictactoe | action=commit
2025-07-13 11:10:00 | INFO | repo=tictactoe | action=pull
2025-06-07 17:36:00 | WARN | repo=tictactoe | action=commit
2025-05-11 20:48:00 | INFO | repo=tictactoe | action=commit
2025-09-26 12:48:00 | WARN | repo=tictactoe | action=pull
2025-01-27 07:06:00 | DEBUG | repo=tictactoe | action=commit
2025-09-13 13:49:00 | WARN | repo=tictactoe | action=commit
2025-01-05 11:14:00 | DEBUG | repo=tictactoe | action=commit
2025-02-11 18:34:00 | DEBUG | repo=tictactoe | action=pull
2025-03-07 20:12:00 | DEBUG | repo=tictactoe | action=commit
2025-08-23 14:41:00 | DEBUG | repo=tictactoe | action=commit
